<?xml version="1.0" encoding="UTF-8"?>
<testsuite name="logic.LogicTest" tests="1" skipped="0" failures="0" errors="0" timestamp="2022-10-25T02:10:33" hostname="DESKTOP-A7JRDU6" time="0.038">
  <properties/>
  <testcase name="deletePlace()" classname="logic.LogicTest" time="0.038"/>
  <system-out><![CDATA[]]></system-out>
  <system-err><![CDATA[]]></system-err>
</testsuite>
